mode: set
github.com/eldicela/bookings/internal/handlers/handlers.go:31.62,36.2 1 0
github.com/eldicela/bookings/internal/handlers/handlers.go:39.51,44.2 1 1
github.com/eldicela/bookings/internal/handlers/handlers.go:47.33,49.2 1 1
github.com/eldicela/bookings/internal/handlers/handlers.go:52.67,54.2 1 1
github.com/eldicela/bookings/internal/handlers/handlers.go:57.68,63.2 1 1
github.com/eldicela/bookings/internal/handlers/handlers.go:66.74,68.9 2 1
github.com/eldicela/bookings/internal/handlers/handlers.go:74.2,75.16 2 1
github.com/eldicela/bookings/internal/handlers/handlers.go:81.2,99.4 10 1
github.com/eldicela/bookings/internal/handlers/handlers.go:68.9,72.3 3 1
github.com/eldicela/bookings/internal/handlers/handlers.go:75.16,79.3 3 1
github.com/eldicela/bookings/internal/handlers/handlers.go:103.78,106.9 2 0
github.com/eldicela/bookings/internal/handlers/handlers.go:111.2,112.16 2 0
github.com/eldicela/bookings/internal/handlers/handlers.go:139.2,160.19 9 0
github.com/eldicela/bookings/internal/handlers/handlers.go:171.2,172.16 2 0
github.com/eldicela/bookings/internal/handlers/handlers.go:177.2,186.16 3 0
github.com/eldicela/bookings/internal/handlers/handlers.go:191.2,192.66 2 0
github.com/eldicela/bookings/internal/handlers/handlers.go:106.9,109.3 2 0
github.com/eldicela/bookings/internal/handlers/handlers.go:112.16,115.3 2 0
github.com/eldicela/bookings/internal/handlers/handlers.go:160.19,169.3 4 0
github.com/eldicela/bookings/internal/handlers/handlers.go:172.16,175.3 2 0
github.com/eldicela/bookings/internal/handlers/handlers.go:186.16,189.3 2 0
github.com/eldicela/bookings/internal/handlers/handlers.go:196.71,198.2 1 1
github.com/eldicela/bookings/internal/handlers/handlers.go:201.69,203.2 1 1
github.com/eldicela/bookings/internal/handlers/handlers.go:206.75,208.2 1 1
github.com/eldicela/bookings/internal/handlers/handlers.go:211.79,217.16 5 0
github.com/eldicela/bookings/internal/handlers/handlers.go:220.2,221.16 2 0
github.com/eldicela/bookings/internal/handlers/handlers.go:226.2,227.16 2 0
github.com/eldicela/bookings/internal/handlers/handlers.go:232.2,232.21 1 0
github.com/eldicela/bookings/internal/handlers/handlers.go:239.2,251.4 5 0
github.com/eldicela/bookings/internal/handlers/handlers.go:217.16,219.3 1 0
github.com/eldicela/bookings/internal/handlers/handlers.go:221.16,224.3 2 0
github.com/eldicela/bookings/internal/handlers/handlers.go:227.16,230.3 2 0
github.com/eldicela/bookings/internal/handlers/handlers.go:232.21,237.3 3 0
github.com/eldicela/bookings/internal/handlers/handlers.go:264.79,285.16 10 0
github.com/eldicela/bookings/internal/handlers/handlers.go:290.2,291.14 2 0
github.com/eldicela/bookings/internal/handlers/handlers.go:285.16,288.3 2 0
github.com/eldicela/bookings/internal/handlers/handlers.go:295.70,297.2 1 1
github.com/eldicela/bookings/internal/handlers/handlers.go:300.81,302.9 2 0
github.com/eldicela/bookings/internal/handlers/handlers.go:309.2,323.4 9 0
github.com/eldicela/bookings/internal/handlers/handlers.go:302.9,307.3 4 0
github.com/eldicela/bookings/internal/handlers/handlers.go:327.72,329.16 2 0
github.com/eldicela/bookings/internal/handlers/handlers.go:334.2,335.9 2 0
github.com/eldicela/bookings/internal/handlers/handlers.go:340.2,344.63 3 0
github.com/eldicela/bookings/internal/handlers/handlers.go:329.16,332.3 2 0
github.com/eldicela/bookings/internal/handlers/handlers.go:335.9,338.3 2 0
github.com/eldicela/bookings/internal/handlers/handlers.go:348.71,361.16 9 0
github.com/eldicela/bookings/internal/handlers/handlers.go:366.2,373.63 6 0
github.com/eldicela/bookings/internal/handlers/handlers.go:361.16,364.3 2 0
